[kbplacer_plugin_action.py:63]: Plugin version: 0.10
[kbplacer_plugin_action.py:64]: Python version: '3.11.5 (main, May 10 2024, 05:24:12) [MSC v.1939 64 bit (AMD64)]'
[kbplacer_plugin_action.py:65]: KiCad version: 8.0.3 with 4.2.0 msw (phoenix) wxWidgets 3.2.4
[kbplacer_dialog.py:584]: Language: en
[kbplacer_plugin_action.py:76]: GUI state: {"layout_path": "C:\\Users\\liuming\\Desktop\\PH-AC\\PCB\\keyboard-layout.json", "key_distance": [19.05, 19.05], "key_info": {"annotation_format": "SW{}", "position_option": "Default", "position": {"x": 0.0, "y": 0.0, "orientation": 0.0, "side": "Front"}, "template_path": ""}, "enable_diode_placement": true, "route_switches_with_diodes": true, "diode_info": {"annotation_format": "D{}", "position_option": "Default", "position": {"x": 5.08, "y": 3.03, "orientation": 90.0, "side": "Back"}, "template_path": ""}, "additional_elements": [{"annotation_format": "ST{}", "position_option": "Custom", "position": {"x": 0.0, "y": 0.0, "orientation": 0.0, "side": "Front"}, "template_path": ""}], "route_rows_and_columns": true, "template_path": "", "generate_outline": true, "outline_delta": 0.0}
[key_placer.py:299]: Set key 1U distance: 19050000/19050000
[key_placer.py:112]: Switches by nets: defaultdict(<class 'list'>, {frozenset({'COL7', 'ROW2'}): ['SW9'], frozenset({'COL2', 'ROW2'}): ['SW8'], frozenset({'ROW1', 'COL9'}): ['SW7'], frozenset({'ROW1', 'COL8'}): ['SW6'], frozenset({'COL6', 'ROW1'}): ['SW5'], frozenset({'ROW1', 'COL4'}): ['SW4'], frozenset({'ROW1', 'COL1'}): ['SW3'], frozenset({'ROW1', 'COL0'}): ['SW2'], frozenset({'COL5', 'ROW0'}): ['SW1']})
[key_placer.py:116]: Diodes by switch: {'SW9': ['D9'], 'SW8': ['D8'], 'SW7': ['D7'], 'SW6': ['D6'], 'SW5': ['D5'], 'SW4': ['D4'], 'SW3': ['D3'], 'SW2': ['D2'], 'SW1': ['D1']}
[kle_serial.py:749]: User layout: [[{'x': 5, 'a': 7}, ''], [{'y': 1.25, 'w': 1.25}, '', {'w': 1.25}, '', {'w': 1.25}, '', {'x': 3.75, 'w': 1.25}, '', {'w': 1.25}, '', {'w': 1.25}, ''], [{'y': 1.25, 'x': 2, 'w': 1.5}, '', {'x': 4.25, 'w': 1.5}, '']]
[key_placer.py:595]: Layout offset: (28575000, 28575000)
[board_modifier.py:83]: Setting SW1 footprint position: (133350000, 38100000)
[board_modifier.py:83]: Setting SW2 footprint position: (40481250, 80962500)
[board_modifier.py:83]: Setting SW3 footprint position: (64293750, 80962500)
[board_modifier.py:83]: Setting SW4 footprint position: (88106250, 80962500)
[board_modifier.py:83]: Setting SW5 footprint position: (183356250, 80962500)
[board_modifier.py:83]: Setting SW6 footprint position: (207168750, 80962500)
[board_modifier.py:83]: Setting SW7 footprint position: (230981250, 80962500)
[board_modifier.py:83]: Setting SW8 footprint position: (80962500, 123825000)
[board_modifier.py:83]: Setting SW9 footprint position: (190500000, 123825000)
[key_placer.py:907]: Diode info: [ElementInfo(annotation_format='D{}', position_option=<PositionOption.DEFAULT: 'Default'>, position=ElementPosition(x=5.08, y=3.03, orientation=90.0, side=<Side.BACK: 'Back'>), template_path='')]
[board_modifier.py:96]: Getting SW1 footprint position: (133350000, 38100000)
[board_modifier.py:83]: Setting D1 footprint position: (138430000, 41130000)
[board_modifier.py:96]: Getting SW2 footprint position: (40481250, 80962500)
[board_modifier.py:83]: Setting D2 footprint position: (45561250, 83992500)
[board_modifier.py:96]: Getting SW3 footprint position: (64293750, 80962500)
[board_modifier.py:83]: Setting D3 footprint position: (69373750, 83992500)
[board_modifier.py:96]: Getting SW4 footprint position: (88106250, 80962500)
[board_modifier.py:83]: Setting D4 footprint position: (93186250, 83992500)
[board_modifier.py:96]: Getting SW5 footprint position: (183356250, 80962500)
[board_modifier.py:83]: Setting D5 footprint position: (188436250, 83992500)
[board_modifier.py:96]: Getting SW6 footprint position: (207168750, 80962500)
[board_modifier.py:83]: Setting D6 footprint position: (212248750, 83992500)
[board_modifier.py:96]: Getting SW7 footprint position: (230981250, 80962500)
[board_modifier.py:83]: Setting D7 footprint position: (236061250, 83992500)
[board_modifier.py:96]: Getting SW8 footprint position: (80962500, 123825000)
[board_modifier.py:83]: Setting D8 footprint position: (86042500, 126855000)
[board_modifier.py:96]: Getting SW9 footprint position: (190500000, 123825000)
[board_modifier.py:83]: Setting D9 footprint position: (195580000, 126855000)
[board_modifier.py:96]: Getting SW9 footprint position: (190500000, 123825000)
[board_modifier.py:63]: Searching for ST9 footprint in C:/Users/liuming/Desktop/PH-AC/PCB/PH-AC.kicad_pcb
[board_modifier.py:66]: Footprint not found
[board_modifier.py:96]: Getting SW8 footprint position: (80962500, 123825000)
[board_modifier.py:63]: Searching for ST8 footprint in C:/Users/liuming/Desktop/PH-AC/PCB/PH-AC.kicad_pcb
[board_modifier.py:66]: Footprint not found
[board_modifier.py:96]: Getting SW7 footprint position: (230981250, 80962500)
[board_modifier.py:63]: Searching for ST7 footprint in C:/Users/liuming/Desktop/PH-AC/PCB/PH-AC.kicad_pcb
[board_modifier.py:66]: Footprint not found
[board_modifier.py:96]: Getting SW6 footprint position: (207168750, 80962500)
[board_modifier.py:63]: Searching for ST6 footprint in C:/Users/liuming/Desktop/PH-AC/PCB/PH-AC.kicad_pcb
[board_modifier.py:66]: Footprint not found
[board_modifier.py:96]: Getting SW5 footprint position: (183356250, 80962500)
[board_modifier.py:63]: Searching for ST5 footprint in C:/Users/liuming/Desktop/PH-AC/PCB/PH-AC.kicad_pcb
[board_modifier.py:66]: Footprint not found
[board_modifier.py:96]: Getting SW4 footprint position: (88106250, 80962500)
[board_modifier.py:63]: Searching for ST4 footprint in C:/Users/liuming/Desktop/PH-AC/PCB/PH-AC.kicad_pcb
[board_modifier.py:66]: Footprint not found
[board_modifier.py:96]: Getting SW3 footprint position: (64293750, 80962500)
[board_modifier.py:63]: Searching for ST3 footprint in C:/Users/liuming/Desktop/PH-AC/PCB/PH-AC.kicad_pcb
[board_modifier.py:66]: Footprint not found
[board_modifier.py:96]: Getting SW2 footprint position: (40481250, 80962500)
[board_modifier.py:63]: Searching for ST2 footprint in C:/Users/liuming/Desktop/PH-AC/PCB/PH-AC.kicad_pcb
[board_modifier.py:66]: Footprint not found
[board_modifier.py:96]: Getting SW1 footprint position: (133350000, 38100000)
[board_modifier.py:63]: Searching for ST1 footprint in C:/Users/liuming/Desktop/PH-AC/PCB/PH-AC.kicad_pcb
[board_modifier.py:66]: Footprint not found
[key_placer.py:361]: Routing SW9 with D9
[key_placer.py:363]: Using internal autorouter method
[board_modifier.py:433]: Routing at B.Cu layer
[board_modifier.py:499]: Routing pad 'SW9:2' at (196342000, 118745000) with pad 'D9:2' at (195580000, 125830000) using coordinate system rotated by 0 degree(s)
[board_modifier.py:362]: Adding track segment (B.Cu): [(196342000, 118745000), (196342000, 125068000)]
[board_modifier.py:370]: Could not add track segment due to detected collision
[board_modifier.py:362]: Adding track segment (B.Cu): [(196342000, 118745000), (195580000, 119507000)]
[board_modifier.py:367]: Track added
[board_modifier.py:362]: Adding track segment (B.Cu): [(195580000, 119507000), (195580000, 125830000)]
[board_modifier.py:370]: Could not add track segment due to detected collision
[key_placer.py:361]: Routing SW8 with D8
[key_placer.py:363]: Using internal autorouter method
[board_modifier.py:433]: Routing at B.Cu layer
[board_modifier.py:499]: Routing pad 'SW8:2' at (86804500, 118745000) with pad 'D8:2' at (86042500, 125830000) using coordinate system rotated by 0 degree(s)
[board_modifier.py:362]: Adding track segment (B.Cu): [(86804500, 118745000), (86804500, 125068000)]
[board_modifier.py:370]: Could not add track segment due to detected collision
[board_modifier.py:362]: Adding track segment (B.Cu): [(86804500, 118745000), (86042500, 119507000)]
[board_modifier.py:367]: Track added
[board_modifier.py:362]: Adding track segment (B.Cu): [(86042500, 119507000), (86042500, 125830000)]
[board_modifier.py:370]: Could not add track segment due to detected collision
[key_placer.py:361]: Routing SW7 with D7
[key_placer.py:363]: Using internal autorouter method
[board_modifier.py:433]: Routing at B.Cu layer
[board_modifier.py:499]: Routing pad 'SW7:2' at (236823250, 75882500) with pad 'D7:2' at (236061250, 82967500) using coordinate system rotated by 0 degree(s)
[board_modifier.py:362]: Adding track segment (B.Cu): [(236823250, 75882500), (236823250, 82205500)]
[board_modifier.py:370]: Could not add track segment due to detected collision
[board_modifier.py:362]: Adding track segment (B.Cu): [(236823250, 75882500), (236061250, 76644500)]
[board_modifier.py:367]: Track added
[board_modifier.py:362]: Adding track segment (B.Cu): [(236061250, 76644500), (236061250, 82967500)]
[board_modifier.py:370]: Could not add track segment due to detected collision
[key_placer.py:361]: Routing SW6 with D6
[key_placer.py:363]: Using internal autorouter method
[board_modifier.py:433]: Routing at B.Cu layer
[board_modifier.py:499]: Routing pad 'SW6:2' at (213010750, 75882500) with pad 'D6:2' at (212248750, 82967500) using coordinate system rotated by 0 degree(s)
[board_modifier.py:362]: Adding track segment (B.Cu): [(213010750, 75882500), (213010750, 82205500)]
[board_modifier.py:370]: Could not add track segment due to detected collision
[board_modifier.py:362]: Adding track segment (B.Cu): [(213010750, 75882500), (212248750, 76644500)]
[board_modifier.py:367]: Track added
[board_modifier.py:362]: Adding track segment (B.Cu): [(212248750, 76644500), (212248750, 82967500)]
[board_modifier.py:370]: Could not add track segment due to detected collision
[key_placer.py:361]: Routing SW5 with D5
[key_placer.py:363]: Using internal autorouter method
[board_modifier.py:433]: Routing at B.Cu layer
[board_modifier.py:499]: Routing pad 'SW5:2' at (189198250, 75882500) with pad 'D5:2' at (188436250, 82967500) using coordinate system rotated by 0 degree(s)
[board_modifier.py:362]: Adding track segment (B.Cu): [(189198250, 75882500), (189198250, 82205500)]
[board_modifier.py:370]: Could not add track segment due to detected collision
[board_modifier.py:362]: Adding track segment (B.Cu): [(189198250, 75882500), (188436250, 76644500)]
[board_modifier.py:367]: Track added
[board_modifier.py:362]: Adding track segment (B.Cu): [(188436250, 76644500), (188436250, 82967500)]
[board_modifier.py:370]: Could not add track segment due to detected collision
[key_placer.py:361]: Routing SW4 with D4
[key_placer.py:363]: Using internal autorouter method
[board_modifier.py:433]: Routing at B.Cu layer
[board_modifier.py:499]: Routing pad 'SW4:2' at (93948250, 75882500) with pad 'D4:2' at (93186250, 82967500) using coordinate system rotated by 0 degree(s)
[board_modifier.py:362]: Adding track segment (B.Cu): [(93948250, 75882500), (93948250, 82205500)]
[board_modifier.py:370]: Could not add track segment due to detected collision
[board_modifier.py:362]: Adding track segment (B.Cu): [(93948250, 75882500), (93186250, 76644500)]
[board_modifier.py:367]: Track added
[board_modifier.py:362]: Adding track segment (B.Cu): [(93186250, 76644500), (93186250, 82967500)]
[board_modifier.py:370]: Could not add track segment due to detected collision
[key_placer.py:361]: Routing SW3 with D3
[key_placer.py:363]: Using internal autorouter method
[board_modifier.py:433]: Routing at B.Cu layer
[board_modifier.py:499]: Routing pad 'SW3:2' at (70135750, 75882500) with pad 'D3:2' at (69373750, 82967500) using coordinate system rotated by 0 degree(s)
[board_modifier.py:362]: Adding track segment (B.Cu): [(70135750, 75882500), (70135750, 82205500)]
[board_modifier.py:370]: Could not add track segment due to detected collision
[board_modifier.py:362]: Adding track segment (B.Cu): [(70135750, 75882500), (69373750, 76644500)]
[board_modifier.py:367]: Track added
[board_modifier.py:362]: Adding track segment (B.Cu): [(69373750, 76644500), (69373750, 82967500)]
[board_modifier.py:370]: Could not add track segment due to detected collision
[key_placer.py:361]: Routing SW2 with D2
[key_placer.py:363]: Using internal autorouter method
[board_modifier.py:433]: Routing at B.Cu layer
[board_modifier.py:499]: Routing pad 'SW2:2' at (46323250, 75882500) with pad 'D2:2' at (45561250, 82967500) using coordinate system rotated by 0 degree(s)
[board_modifier.py:362]: Adding track segment (B.Cu): [(46323250, 75882500), (46323250, 82205500)]
[board_modifier.py:370]: Could not add track segment due to detected collision
[board_modifier.py:362]: Adding track segment (B.Cu): [(46323250, 75882500), (45561250, 76644500)]
[board_modifier.py:367]: Track added
[board_modifier.py:362]: Adding track segment (B.Cu): [(45561250, 76644500), (45561250, 82967500)]
[board_modifier.py:370]: Could not add track segment due to detected collision
[key_placer.py:361]: Routing SW1 with D1
[key_placer.py:363]: Using internal autorouter method
[board_modifier.py:433]: Routing at B.Cu layer
[board_modifier.py:499]: Routing pad 'SW1:2' at (139192000, 33020000) with pad 'D1:2' at (138430000, 40105000) using coordinate system rotated by 0 degree(s)
[board_modifier.py:362]: Adding track segment (B.Cu): [(139192000, 33020000), (139192000, 39343000)]
[board_modifier.py:370]: Could not add track segment due to detected collision
[board_modifier.py:362]: Adding track segment (B.Cu): [(139192000, 33020000), (138430000, 33782000)]
[board_modifier.py:367]: Track added
[board_modifier.py:362]: Adding track segment (B.Cu): [(138430000, 33782000), (138430000, 40105000)]
[board_modifier.py:370]: Could not add track segment due to detected collision
[board_modifier.py:429]: Could not route pads, no common layers found
[board_modifier.py:433]: Routing at B.Cu layer
[board_modifier.py:499]: Routing pad 'D2:1' at (45561250, 85017500) with pad 'D3:1' at (69373750, 85017500) using coordinate system rotated by 0 degree(s)
[board_modifier.py:362]: Adding track segment (B.Cu): [(45561250, 85017500), (69373750, 85017500)]
[board_modifier.py:367]: Track added
[board_modifier.py:433]: Routing at B.Cu layer
[board_modifier.py:499]: Routing pad 'D3:1' at (69373750, 85017500) with pad 'D4:1' at (93186250, 85017500) using coordinate system rotated by 0 degree(s)
[board_modifier.py:362]: Adding track segment (B.Cu): [(69373750, 85017500), (93186250, 85017500)]
[board_modifier.py:367]: Track added
[board_modifier.py:429]: Could not route pads, no common layers found
[board_modifier.py:429]: Could not route pads, no common layers found
[board_modifier.py:433]: Routing at B.Cu layer
[board_modifier.py:499]: Routing pad 'D5:1' at (188436250, 85017500) with pad 'D6:1' at (212248750, 85017500) using coordinate system rotated by 0 degree(s)
[board_modifier.py:362]: Adding track segment (B.Cu): [(188436250, 85017500), (212248750, 85017500)]
[board_modifier.py:367]: Track added
[board_modifier.py:433]: Routing at B.Cu layer
[board_modifier.py:499]: Routing pad 'D6:1' at (212248750, 85017500) with pad 'D7:1' at (236061250, 85017500) using coordinate system rotated by 0 degree(s)
[board_modifier.py:362]: Adding track segment (B.Cu): [(212248750, 85017500), (236061250, 85017500)]
[board_modifier.py:367]: Track added
[board_modifier.py:429]: Could not route pads, no common layers found
[board_modifier.py:429]: Could not route pads, no common layers found
[board_modifier.py:429]: Could not route pads, no common layers found
[board_modifier.py:429]: Could not route pads, no common layers found
[board_modifier.py:429]: Could not route pads, no common layers found
[board_modifier.py:429]: Could not route pads, no common layers found
[board_modifier.py:429]: Could not route pads, no common layers found
[board_modifier.py:429]: Could not route pads, no common layers found
[board_modifier.py:429]: Could not route pads, no common layers found
[board_modifier.py:429]: Could not route pads, no common layers found
[board_modifier.py:429]: Could not route pads, no common layers found
[key_placer.py:395]: Removing dangling tracks
[key_placer.py:407]: Removing 7806c9e8-a25e-4de9-bc53-4ca9a8cac6ee
[key_placer.py:407]: Removing 95c84bc7-82e7-40d4-9c42-2388a25c2c07
[key_placer.py:407]: Removing 8c962cbf-db67-4853-a652-02880d665a2f
[key_placer.py:407]: Removing 3f94629b-e8f7-458f-96b6-a79bd296d78c
[key_placer.py:407]: Removing 42b6a73c-d09e-41fa-a459-069ed901dc32
[key_placer.py:407]: Removing 7106c2b9-d4d4-4349-a841-9fbd25ee3db4
[key_placer.py:407]: Removing 23248d6b-798c-4fb7-9c9f-972f30696422
[key_placer.py:407]: Removing 31eaafc4-bdf2-462f-a604-7d1420fea22d
[key_placer.py:407]: Removing 8f15804a-88bd-415f-8c7f-fd33675abe9d
[key_placer.py:395]: Removing dangling tracks
[edge_generator.py:65]: Running board edge generation around selected footprints
