## Footprint report - date 2024-08-12T19:22:38+0800
## Created by KiCad version 8.0.4
## Unit = mm, Angle = deg.

$BeginDESCRIPTION

$BOARD
upper_left_corner 67.475000 50.826750
lower_right_corner 267.525000 153.027906
$EndBOARD

$MODULE C1
footprint Capacitor_SMD:C_0402_1005Metric
attribut smd
position 210.300000 64.250000  orientation 0.00
layer back
$PAD "1"
Shape Roundrect Layer back
position -0.480000  0.000000  size  0.560000  0.620000  orientation 0.00
drill  0.000000
shape_offset  0.000000  0.000000
$EndPAD
$PAD "2"
Shape Roundrect Layer back
position  0.480000  0.000000  size  0.560000  0.620000  orientation 0.00
drill  0.000000
shape_offset  0.000000  0.000000
$EndPAD
$EndMODULE  C1

$MODULE C2
footprint Capacitor_SMD:C_0402_1005Metric
attribut smd
position 210.300000 65.200000  orientation 0.00
layer back
$PAD "1"
Shape Roundrect Layer back
position -0.480000  0.000000  size  0.560000  0.620000  orientation 0.00
drill  0.000000
shape_offset  0.000000  0.000000
$EndPAD
$PAD "2"
Shape Roundrect Layer back
position  0.480000  0.000000  size  0.560000  0.620000  orientation 0.00
drill  0.000000
shape_offset  0.000000  0.000000
$EndPAD
$EndMODULE  C2

$MODULE C3
footprint Capacitor_SMD:C_0402_1005Metric
attribut smd
position 193.120000 66.350000  orientation 180.00
layer back
$PAD "1"
Shape Roundrect Layer back
position -0.480000  0.000000  size  0.560000  0.620000  orientation 0.00
drill  0.000000
shape_offset  0.000000  0.000000
$EndPAD
$PAD "2"
Shape Roundrect Layer back
position  0.480000  0.000000  size  0.560000  0.620000  orientation 0.00
drill  0.000000
shape_offset  0.000000  0.000000
$EndPAD
$EndMODULE  C3

$MODULE C4
footprint Capacitor_SMD:C_0402_1005Metric
attribut smd
position 204.920000 71.850000  orientation 0.00
layer back
$PAD "1"
Shape Roundrect Layer back
position -0.480000  0.000000  size  0.560000  0.620000  orientation 0.00
drill  0.000000
shape_offset  0.000000  0.000000
$EndPAD
$PAD "2"
Shape Roundrect Layer back
position  0.480000  0.000000  size  0.560000  0.620000  orientation 0.00
drill  0.000000
shape_offset  0.000000  0.000000
$EndPAD
$EndMODULE  C4

$MODULE C5
footprint Capacitor_SMD:C_0402_1005Metric
attribut smd
position 198.750000 74.100000  orientation -90.00
layer back
$PAD "1"
Shape Roundrect Layer back
position -0.480000  0.000000  size  0.560000  0.620000  orientation 360.00
drill  0.000000
shape_offset  0.000000  0.000000
$EndPAD
$PAD "2"
Shape Roundrect Layer back
position  0.480000  0.000000  size  0.560000  0.620000  orientation 360.00
drill  0.000000
shape_offset  0.000000  0.000000
$EndPAD
$EndMODULE  C5

$MODULE C6
footprint Capacitor_SMD:C_0402_1005Metric
attribut smd
position 202.350000 61.980000  orientation 90.00
layer back
$PAD "1"
Shape Roundrect Layer back
position -0.480000  0.000000  size  0.560000  0.620000  orientation 0.00
drill  0.000000
shape_offset  0.000000  0.000000
$EndPAD
$PAD "2"
Shape Roundrect Layer back
position  0.480000  0.000000  size  0.560000  0.620000  orientation 0.00
drill  0.000000
shape_offset  0.000000  0.000000
$EndPAD
$EndMODULE  C6

$MODULE C7
footprint Capacitor_SMD:C_0402_1005Metric
attribut smd
position 210.300000 66.150000  orientation 0.00
layer back
$PAD "1"
Shape Roundrect Layer back
position -0.480000  0.000000  size  0.560000  0.620000  orientation 0.00
drill  0.000000
shape_offset  0.000000  0.000000
$EndPAD
$PAD "2"
Shape Roundrect Layer back
position  0.480000  0.000000  size  0.560000  0.620000  orientation 0.00
drill  0.000000
shape_offset  0.000000  0.000000
$EndPAD
$EndMODULE  C7

$MODULE C8
footprint Capacitor_SMD:C_0402_1005Metric
attribut smd
position 193.120000 65.400000  orientation 180.00
layer back
$PAD "1"
Shape Roundrect Layer back
position -0.480000  0.000000  size  0.560000  0.620000  orientation 0.00
drill  0.000000
shape_offset  0.000000  0.000000
$EndPAD
$PAD "2"
Shape Roundrect Layer back
position  0.480000  0.000000  size  0.560000  0.620000  orientation 0.00
drill  0.000000
shape_offset  0.000000  0.000000
$EndPAD
$EndMODULE  C8

$MODULE C9
footprint Capacitor_SMD:C_0402_1005Metric
attribut smd
position 206.330000 64.230000  orientation 0.00
layer back
$PAD "1"
Shape Roundrect Layer back
position -0.480000  0.000000  size  0.560000  0.620000  orientation 0.00
drill  0.000000
shape_offset  0.000000  0.000000
$EndPAD
$PAD "2"
Shape Roundrect Layer back
position  0.480000  0.000000  size  0.560000  0.620000  orientation 0.00
drill  0.000000
shape_offset  0.000000  0.000000
$EndPAD
$EndMODULE  C9

$MODULE C10
footprint Capacitor_SMD:C_0402_1005Metric
attribut smd
position 205.720000 63.300000  orientation 0.00
layer back
$PAD "1"
Shape Roundrect Layer back
position -0.480000  0.000000  size  0.560000  0.620000  orientation 0.00
drill  0.000000
shape_offset  0.000000  0.000000
$EndPAD
$PAD "2"
Shape Roundrect Layer back
position  0.480000  0.000000  size  0.560000  0.620000  orientation 0.00
drill  0.000000
shape_offset  0.000000  0.000000
$EndPAD
$EndMODULE  C10

$MODULE C11
footprint Capacitor_SMD:C_0402_1005Metric
attribut smd
position 204.420000 62.380000  orientation 0.00
layer back
$PAD "1"
Shape Roundrect Layer back
position -0.480000  0.000000  size  0.560000  0.620000  orientation 0.00
drill  0.000000
shape_offset  0.000000  0.000000
$EndPAD
$PAD "2"
Shape Roundrect Layer back
position  0.480000  0.000000  size  0.560000  0.620000  orientation 0.00
drill  0.000000
shape_offset  0.000000  0.000000
$EndPAD
$EndMODULE  C11

$MODULE C12
footprint Capacitor_SMD:C_0805_2012Metric
attribut smd
position 191.450000 57.950000  orientation 0.00
layer back
$PAD "1"
Shape Roundrect Layer back
position -0.950000  0.000000  size  1.000000  1.450000  orientation 0.00
drill  0.000000
shape_offset  0.000000  0.000000
$EndPAD
$PAD "2"
Shape Roundrect Layer back
position  0.950000  0.000000  size  1.000000  1.450000  orientation 0.00
drill  0.000000
shape_offset  0.000000  0.000000
$EndPAD
$EndMODULE  C12

$MODULE C13
footprint Capacitor_SMD:C_0805_2012Metric
attribut smd
position 197.300000 62.000000  orientation 180.00
layer back
$PAD "1"
Shape Roundrect Layer back
position -0.950000  0.000000  size  1.000000  1.450000  orientation 0.00
drill  0.000000
shape_offset  0.000000  0.000000
$EndPAD
$PAD "2"
Shape Roundrect Layer back
position  0.950000  0.000000  size  1.000000  1.450000  orientation 0.00
drill  0.000000
shape_offset  0.000000  0.000000
$EndPAD
$EndMODULE  C13

$MODULE C14
footprint Capacitor_SMD:C_0402_1005Metric
attribut smd
position 213.300000 69.300000  orientation 0.00
layer back
$PAD "1"
Shape Roundrect Layer back
position -0.480000  0.000000  size  0.560000  0.620000  orientation 0.00
drill  0.000000
shape_offset  0.000000  0.000000
$EndPAD
$PAD "2"
Shape Roundrect Layer back
position  0.480000  0.000000  size  0.560000  0.620000  orientation 0.00
drill  0.000000
shape_offset  0.000000  0.000000
$EndPAD
$EndMODULE  C14

$MODULE C15
footprint Capacitor_SMD:C_0402_1005Metric
attribut smd
position 213.300000 70.250000  orientation 0.00
layer back
$PAD "1"
Shape Roundrect Layer back
position -0.480000  0.000000  size  0.560000  0.620000  orientation 0.00
drill  0.000000
shape_offset  0.000000  0.000000
$EndPAD
$PAD "2"
Shape Roundrect Layer back
position  0.480000  0.000000  size  0.560000  0.620000  orientation 0.00
drill  0.000000
shape_offset  0.000000  0.000000
$EndPAD
$EndMODULE  C15

$MODULE C16
footprint Capacitor_SMD:C_0402_1005Metric
attribut smd
position 211.950000 58.400000  orientation 0.00
layer back
$PAD "1"
Shape Roundrect Layer back
position -0.480000  0.000000  size  0.560000  0.620000  orientation 0.00
drill  0.000000
shape_offset  0.000000  0.000000
$EndPAD
$PAD "2"
Shape Roundrect Layer back
position  0.480000  0.000000  size  0.560000  0.620000  orientation 0.00
drill  0.000000
shape_offset  0.000000  0.000000
$EndPAD
$EndMODULE  C16

$MODULE C17
footprint Capacitor_SMD:C_0402_1005Metric
attribut smd
position 186.750000 71.700000  orientation 90.00
layer back
$PAD "1"
Shape Roundrect Layer back
position -0.480000  0.000000  size  0.560000  0.620000  orientation 0.00
drill  0.000000
shape_offset  0.000000  0.000000
$EndPAD
$PAD "2"
Shape Roundrect Layer back
position  0.480000  0.000000  size  0.560000  0.620000  orientation 0.00
drill  0.000000
shape_offset  0.000000  0.000000
$EndPAD
$EndMODULE  C17

$MODULE C18
footprint Capacitor_SMD:C_0402_1005Metric
attribut smd
position 188.950000 69.100000  orientation 180.00
layer back
$PAD "1"
Shape Roundrect Layer back
position -0.480000  0.000000  size  0.560000  0.620000  orientation 0.00
drill  0.000000
shape_offset  0.000000  0.000000
$EndPAD
$PAD "2"
Shape Roundrect Layer back
position  0.480000  0.000000  size  0.560000  0.620000  orientation 0.00
drill  0.000000
shape_offset  0.000000  0.000000
$EndPAD
$EndMODULE  C18

$MODULE D1
footprint Diode_SMD:D_SOD-123F
attribut smd
position 187.550000 57.950000  orientation 180.00
layer back
$PAD "1"
Shape Roundrect Layer back
position -1.400000  0.000000  size  1.100000  1.100000  orientation 0.00
drill  0.000000
shape_offset  0.000000  0.000000
$EndPAD
$PAD "2"
Shape Roundrect Layer back
position  1.400000  0.000000  size  1.100000  1.100000  orientation 0.00
drill  0.000000
shape_offset  0.000000  0.000000
$EndPAD
$EndMODULE  D1

$MODULE D2
footprint LED_SMD:LED_1206_3216Metric
attribut smd
position 213.050000 65.800000  orientation 90.00
layer back
$PAD "1"
Shape Roundrect Layer back
position -1.400000  0.000000  size  1.250000  1.750000  orientation 0.00
drill  0.000000
shape_offset  0.000000  0.000000
$EndPAD
$PAD "2"
Shape Roundrect Layer back
position  1.400000  0.000000  size  1.250000  1.750000  orientation 0.00
drill  0.000000
shape_offset  0.000000  0.000000
$EndPAD
$EndMODULE  D2

$MODULE H1
footprint MountingHole:MountingHole_3.2mm_M3_ISO7380_Pad
attribut virtual
position 108.500000 67.000000  orientation 0.00
layer front
$PAD ""
Shape Circle Layer both
position  0.000000  0.000000  size 10.000000 10.000000  orientation 0.00
drill 10.000000
shape_offset  0.000000  0.000000
$EndPAD
$EndMODULE  H1

$MODULE H2
footprint MountingHole:MountingHole_3.2mm_M3_ISO7380_Pad
attribut virtual
position 226.500000 67.000000  orientation 0.00
layer front
$PAD ""
Shape Circle Layer both
position  0.000000  0.000000  size 10.000000 10.000000  orientation 0.00
drill 10.000000
shape_offset  0.000000  0.000000
$EndPAD
$EndMODULE  H2

$MODULE H3
footprint MountingHole:MountingHole_3.2mm_M3_ISO7380_Pad
attribut virtual
position 87.500000 103.000000  orientation 0.00
layer front
$PAD ""
Shape Circle Layer both
position  0.000000  0.000000  size 10.000000 10.000000  orientation 0.00
drill 10.000000
shape_offset  0.000000  0.000000
$EndPAD
$EndMODULE  H3

$MODULE H4
footprint MountingHole:MountingHole_3.2mm_M3_ISO7380_Pad
attribut virtual
position 247.500000 103.000000  orientation 0.00
layer front
$PAD ""
Shape Circle Layer both
position  0.000000  0.000000  size 10.000000 10.000000  orientation 0.00
drill 10.000000
shape_offset  0.000000  0.000000
$EndPAD
$EndMODULE  H4

$MODULE H5
footprint MountingHole:MountingHole_3.2mm_M3_ISO7380_Pad
attribut virtual
position 102.500000 129.000000  orientation 0.00
layer front
$PAD ""
Shape Circle Layer both
position  0.000000  0.000000  size 10.000000 10.000000  orientation 0.00
drill 10.000000
shape_offset  0.000000  0.000000
$EndPAD
$EndMODULE  H5

$MODULE H6
footprint MountingHole:MountingHole_3.2mm_M3_ISO7380_Pad
attribut virtual
position 232.500000 129.000000  orientation 0.00
layer front
$PAD ""
Shape Circle Layer both
position  0.000000  0.000000  size 10.000000 10.000000  orientation 0.00
drill 10.000000
shape_offset  0.000000  0.000000
$EndPAD
$EndMODULE  H6

$MODULE H7
footprint MountingHole:MountingHole_3.2mm_M3_ISO7380_Pad
attribut virtual
position 152.500000 118.000000  orientation 0.00
layer front
$PAD ""
Shape Circle Layer both
position  0.000000  0.000000  size 10.000000 10.000000  orientation 0.00
drill 10.000000
shape_offset  0.000000  0.000000
$EndPAD
$EndMODULE  H7

$MODULE H8
footprint MountingHole:MountingHole_3.2mm_M3_ISO7380_Pad
attribut virtual
position 182.500000 118.000000  orientation 0.00
layer front
$PAD ""
Shape Circle Layer both
position  0.000000  0.000000  size 10.000000 10.000000  orientation 0.00
drill 10.000000
shape_offset  0.000000  0.000000
$EndPAD
$EndMODULE  H8

$MODULE J1
footprint Connector_USB:USB_C_Receptacle_GCT_USB4110
attribut smd
position 167.500000 56.675000  orientation 0.00
layer back
$PAD ""
Shape Circle Layer both
position -2.890000  2.605000  size  0.650000  0.650000  orientation 0.00
drill  0.650000
shape_offset  0.000000  0.000000
$EndPAD
$PAD ""
Shape Circle Layer both
position  2.890000  2.605000  size  0.650000  0.650000  orientation 0.00
drill  0.650000
shape_offset  0.000000  0.000000
$EndPAD
$PAD "A1"
Shape Roundrect Layer back
position -3.200000  3.680000  size  0.600000  1.150000  orientation 0.00
drill  0.000000
shape_offset  0.000000  0.000000
$EndPAD
$PAD "A4"
Shape Roundrect Layer back
position -2.400000  3.680000  size  0.600000  1.150000  orientation 0.00
drill  0.000000
shape_offset  0.000000  0.000000
$EndPAD
$PAD "A5"
Shape Roundrect Layer back
position -1.250000  3.680000  size  0.300000  1.150000  orientation 0.00
drill  0.000000
shape_offset  0.000000  0.000000
$EndPAD
$PAD "A6"
Shape Roundrect Layer back
position -0.250000  3.680000  size  0.300000  1.150000  orientation 0.00
drill  0.000000
shape_offset  0.000000  0.000000
$EndPAD
$PAD "A7"
Shape Roundrect Layer back
position  0.250000  3.680000  size  0.300000  1.150000  orientation 0.00
drill  0.000000
shape_offset  0.000000  0.000000
$EndPAD
$PAD "A8"
Shape Roundrect Layer back
position  1.250000  3.680000  size  0.300000  1.150000  orientation 0.00
drill  0.000000
shape_offset  0.000000  0.000000
$EndPAD
$PAD "A9"
Shape Roundrect Layer back
position  2.400000  3.680000  size  0.600000  1.150000  orientation 0.00
drill  0.000000
shape_offset  0.000000  0.000000
$EndPAD
$PAD "A12"
Shape Roundrect Layer back
position  3.200000  3.680000  size  0.600000  1.150000  orientation 0.00
drill  0.000000
shape_offset  0.000000  0.000000
$EndPAD
$PAD "B1"
Shape Roundrect Layer back
position  3.200000  3.680000  size  0.600000  1.150000  orientation 0.00
drill  0.000000
shape_offset  0.000000  0.000000
$EndPAD
$PAD "B4"
Shape Roundrect Layer back
position  2.400000  3.680000  size  0.600000  1.150000  orientation 0.00
drill  0.000000
shape_offset  0.000000  0.000000
$EndPAD
$PAD "B5"
Shape Roundrect Layer back
position  1.750000  3.680000  size  0.300000  1.150000  orientation 0.00
drill  0.000000
shape_offset  0.000000  0.000000
$EndPAD
$PAD "B6"
Shape Roundrect Layer back
position  0.750000  3.680000  size  0.300000  1.150000  orientation 0.00
drill  0.000000
shape_offset  0.000000  0.000000
$EndPAD
$PAD "B7"
Shape Roundrect Layer back
position -0.750000  3.680000  size  0.300000  1.150000  orientation 0.00
drill  0.000000
shape_offset  0.000000  0.000000
$EndPAD
$PAD "B8"
Shape Roundrect Layer back
position -1.750000  3.680000  size  0.300000  1.150000  orientation 0.00
drill  0.000000
shape_offset  0.000000  0.000000
$EndPAD
$PAD "B9"
Shape Roundrect Layer back
position -2.400000  3.680000  size  0.600000  1.150000  orientation 0.00
drill  0.000000
shape_offset  0.000000  0.000000
$EndPAD
$PAD "B12"
Shape Roundrect Layer back
position -3.200000  3.680000  size  0.600000  1.150000  orientation 0.00
drill  0.000000
shape_offset  0.000000  0.000000
$EndPAD
$PAD "S1"
Shape Roundrect Layer back
position -5.110000 -0.825000  size  2.180000  2.000000  orientation 0.00
drill  0.000000
shape_offset  0.000000  0.000000
$EndPAD
$PAD "S1"
Shape Roundrect Layer back
position -5.110000  3.105000  size  2.180000  2.000000  orientation 0.00
drill  0.000000
shape_offset  0.000000  0.000000
$EndPAD
$PAD "S1"
Shape Roundrect Layer back
position  5.110000 -0.825000  size  2.180000  2.000000  orientation 0.00
drill  0.000000
shape_offset  0.000000  0.000000
$EndPAD
$PAD "S1"
Shape Roundrect Layer back
position  5.110000  3.105000  size  2.180000  2.000000  orientation 0.00
drill  0.000000
shape_offset  0.000000  0.000000
$EndPAD
$EndMODULE  J1

$MODULE J2
footprint Connector_PinHeader_1.00mm:PinHeader_1x03_P1.00mm_Vertical
attribut none
position 192.600000 61.100000  orientation -90.00
layer back
$PAD "1"
Shape Rect Layer both
position  0.000000  0.000000  size  0.850000  0.850000  orientation 360.00
drill  0.500000
shape_offset  0.000000  0.000000
$EndPAD
$PAD "2"
Shape Oval Layer both
position  0.000000 -1.000000  size  0.850000  0.850000  orientation 360.00
drill  0.500000
shape_offset  0.000000  0.000000
$EndPAD
$PAD "3"
Shape Oval Layer both
position  0.000000 -2.000000  size  0.850000  0.850000  orientation 360.00
drill  0.500000
shape_offset  0.000000  0.000000
$EndPAD
$EndMODULE  J2

$MODULE L1
footprint Capacitor_SMD:C_0402_1005Metric
attribut smd
position 205.900000 57.300000  orientation 90.00
layer back
$PAD "1"
Shape Roundrect Layer back
position -0.480000  0.000000  size  0.560000  0.620000  orientation 0.00
drill  0.000000
shape_offset  0.000000  0.000000
$EndPAD
$PAD "2"
Shape Roundrect Layer back
position  0.480000  0.000000  size  0.560000  0.620000  orientation 0.00
drill  0.000000
shape_offset  0.000000  0.000000
$EndPAD
$EndMODULE  L1

$MODULE Q1
footprint Package_TO_SOT_SMD:SOT-523
attribut smd
position 211.440000 60.045000  orientation 90.00
layer back
$PAD "1"
Shape Roundrect Layer back
position -0.645000  0.500000  size  0.510000  0.400000  orientation 180.00
drill  0.000000
shape_offset  0.000000  0.000000
$EndPAD
$PAD "2"
Shape Roundrect Layer back
position -0.645000 -0.500000  size  0.510000  0.400000  orientation 180.00
drill  0.000000
shape_offset  0.000000  0.000000
$EndPAD
$PAD "3"
Shape Roundrect Layer back
position  0.645000  0.000000  size  0.510000  0.400000  orientation 180.00
drill  0.000000
shape_offset  0.000000  0.000000
$EndPAD
$EndMODULE  Q1

$MODULE R1
footprint Resistor_SMD:R_0402_1005Metric
attribut smd
position 209.570000 56.200000  orientation 0.00
layer back
$PAD "1"
Shape Roundrect Layer back
position -0.510000  0.000000  size  0.540000  0.640000  orientation 0.00
drill  0.000000
shape_offset  0.000000  0.000000
$EndPAD
$PAD "2"
Shape Roundrect Layer back
position  0.510000  0.000000  size  0.540000  0.640000  orientation 0.00
drill  0.000000
shape_offset  0.000000  0.000000
$EndPAD
$EndMODULE  R1

$MODULE R2
footprint Resistor_SMD:R_0402_1005Metric
attribut smd
position 207.710000 56.200000  orientation 0.00
layer back
$PAD "1"
Shape Roundrect Layer back
position -0.510000  0.000000  size  0.540000  0.640000  orientation 0.00
drill  0.000000
shape_offset  0.000000  0.000000
$EndPAD
$PAD "2"
Shape Roundrect Layer back
position  0.510000  0.000000  size  0.540000  0.640000  orientation 0.00
drill  0.000000
shape_offset  0.000000  0.000000
$EndPAD
$EndMODULE  R2

$MODULE R3
footprint Resistor_SMD:R_0402_1005Metric
attribut smd
position 206.330000 66.150000  orientation 180.00
layer back
$PAD "1"
Shape Roundrect Layer back
position -0.510000  0.000000  size  0.540000  0.640000  orientation 0.00
drill  0.000000
shape_offset  0.000000  0.000000
$EndPAD
$PAD "2"
Shape Roundrect Layer back
position  0.510000  0.000000  size  0.540000  0.640000  orientation 0.00
drill  0.000000
shape_offset  0.000000  0.000000
$EndPAD
$EndMODULE  R3

$MODULE R4
footprint Resistor_SMD:R_0402_1005Metric
attribut smd
position 206.330000 65.200000  orientation 180.00
layer back
$PAD "1"
Shape Roundrect Layer back
position -0.510000  0.000000  size  0.540000  0.640000  orientation 0.00
drill  0.000000
shape_offset  0.000000  0.000000
$EndPAD
$PAD "2"
Shape Roundrect Layer back
position  0.510000  0.000000  size  0.540000  0.640000  orientation 0.00
drill  0.000000
shape_offset  0.000000  0.000000
$EndPAD
$EndMODULE  R4

$MODULE R5
footprint Resistor_SMD:R_0402_1005Metric
attribut smd
position 196.400000 58.110000  orientation -90.00
layer back
$PAD "1"
Shape Roundrect Layer back
position -0.510000  0.000000  size  0.540000  0.640000  orientation 360.00
drill  0.000000
shape_offset  0.000000  0.000000
$EndPAD
$PAD "2"
Shape Roundrect Layer back
position  0.510000  0.000000  size  0.540000  0.640000  orientation 360.00
drill  0.000000
shape_offset  0.000000  0.000000
$EndPAD
$EndMODULE  R5

$MODULE R6
footprint Resistor_SMD:R_0402_1005Metric
attribut smd
position 195.000000 58.600000  orientation 180.00
layer back
$PAD "1"
Shape Roundrect Layer back
position -0.510000  0.000000  size  0.540000  0.640000  orientation 0.00
drill  0.000000
shape_offset  0.000000  0.000000
$EndPAD
$PAD "2"
Shape Roundrect Layer back
position  0.510000  0.000000  size  0.540000  0.640000  orientation 0.00
drill  0.000000
shape_offset  0.000000  0.000000
$EndPAD
$EndMODULE  R6

$MODULE R7
footprint Resistor_SMD:R_0402_1005Metric
attribut smd
position 198.290000 56.850000  orientation 180.00
layer back
$PAD "1"
Shape Roundrect Layer back
position -0.510000  0.000000  size  0.540000  0.640000  orientation 0.00
drill  0.000000
shape_offset  0.000000  0.000000
$EndPAD
$PAD "2"
Shape Roundrect Layer back
position  0.510000  0.000000  size  0.540000  0.640000  orientation 0.00
drill  0.000000
shape_offset  0.000000  0.000000
$EndPAD
$EndMODULE  R7

$MODULE R8
footprint Resistor_SMD:R_0402_1005Metric
attribut smd
position 198.600000 58.600000  orientation 90.00
layer back
$PAD "1"
Shape Roundrect Layer back
position -0.510000  0.000000  size  0.540000  0.640000  orientation 0.00
drill  0.000000
shape_offset  0.000000  0.000000
$EndPAD
$PAD "2"
Shape Roundrect Layer back
position  0.510000  0.000000  size  0.540000  0.640000  orientation 0.00
drill  0.000000
shape_offset  0.000000  0.000000
$EndPAD
$EndMODULE  R8

$MODULE R9
footprint Resistor_SMD:R_0402_1005Metric
attribut smd
position 212.850000 81.000000  orientation 90.00
layer back
$PAD "1"
Shape Roundrect Layer back
position -0.510000  0.000000  size  0.540000  0.640000  orientation 0.00
drill  0.000000
shape_offset  0.000000  0.000000
$EndPAD
$PAD "2"
Shape Roundrect Layer back
position  0.510000  0.000000  size  0.540000  0.640000  orientation 0.00
drill  0.000000
shape_offset  0.000000  0.000000
$EndPAD
$EndMODULE  R9

$MODULE R10
footprint Resistor_SMD:R_0402_1005Metric
attribut smd
position 210.090000 57.450000  orientation 0.00
layer back
$PAD "1"
Shape Roundrect Layer back
position -0.510000  0.000000  size  0.540000  0.640000  orientation 0.00
drill  0.000000
shape_offset  0.000000  0.000000
$EndPAD
$PAD "2"
Shape Roundrect Layer back
position  0.510000  0.000000  size  0.540000  0.640000  orientation 0.00
drill  0.000000
shape_offset  0.000000  0.000000
$EndPAD
$EndMODULE  R10

$MODULE R11
footprint Resistor_SMD:R_0402_1005Metric
attribut smd
position 211.950000 57.450000  orientation 0.00
layer back
$PAD "1"
Shape Roundrect Layer back
position -0.510000  0.000000  size  0.540000  0.640000  orientation 0.00
drill  0.000000
shape_offset  0.000000  0.000000
$EndPAD
$PAD "2"
Shape Roundrect Layer back
position  0.510000  0.000000  size  0.540000  0.640000  orientation 0.00
drill  0.000000
shape_offset  0.000000  0.000000
$EndPAD
$EndMODULE  R11

$MODULE R12
footprint Resistor_SMD:R_0402_1005Metric
attribut smd
position 190.350000 68.650000  orientation -90.00
layer back
$PAD "1"
Shape Roundrect Layer back
position -0.510000  0.000000  size  0.540000  0.640000  orientation 360.00
drill  0.000000
shape_offset  0.000000  0.000000
$EndPAD
$PAD "2"
Shape Roundrect Layer back
position  0.510000  0.000000  size  0.540000  0.640000  orientation 360.00
drill  0.000000
shape_offset  0.000000  0.000000
$EndPAD
$EndMODULE  R12

$MODULE R13
footprint Resistor_SMD:R_0402_1005Metric
attribut smd
position 206.890000 59.250000  orientation 0.00
layer back
$PAD "1"
Shape Roundrect Layer back
position -0.510000  0.000000  size  0.540000  0.640000  orientation 0.00
drill  0.000000
shape_offset  0.000000  0.000000
$EndPAD
$PAD "2"
Shape Roundrect Layer back
position  0.510000  0.000000  size  0.540000  0.640000  orientation 0.00
drill  0.000000
shape_offset  0.000000  0.000000
$EndPAD
$EndMODULE  R13

$MODULE R14
footprint Resistor_SMD:R_0402_1005Metric
attribut smd
position 166.250000 62.390000  orientation -90.00
layer back
$PAD "1"
Shape Roundrect Layer back
position -0.510000  0.000000  size  0.540000  0.640000  orientation 360.00
drill  0.000000
shape_offset  0.000000  0.000000
$EndPAD
$PAD "2"
Shape Roundrect Layer back
position  0.510000  0.000000  size  0.540000  0.640000  orientation 360.00
drill  0.000000
shape_offset  0.000000  0.000000
$EndPAD
$EndMODULE  R14

$MODULE R15
footprint Resistor_SMD:R_0402_1005Metric
attribut smd
position 169.250000 62.390000  orientation -90.00
layer back
$PAD "1"
Shape Roundrect Layer back
position -0.510000  0.000000  size  0.540000  0.640000  orientation 360.00
drill  0.000000
shape_offset  0.000000  0.000000
$EndPAD
$PAD "2"
Shape Roundrect Layer back
position  0.510000  0.000000  size  0.540000  0.640000  orientation 360.00
drill  0.000000
shape_offset  0.000000  0.000000
$EndPAD
$EndMODULE  R15

$MODULE SW1
footprint Connector_PinHeader_1.00mm:PinHeader_1x02_P1.00mm_Vertical
attribut none
position 212.850000 83.960000  orientation 0.00
layer back
$PAD "1"
Shape Rect Layer both
position  0.000000  0.000000  size  0.850000  0.850000  orientation 0.00
drill  0.500000
shape_offset  0.000000  0.000000
$EndPAD
$PAD "2"
Shape Oval Layer both
position  0.000000 -1.000000  size  0.850000  0.850000  orientation 0.00
drill  0.500000
shape_offset  0.000000  0.000000
$EndPAD
$EndMODULE  SW1

$MODULE SW2
footprint Rotary_Encoder:RotaryEncoder_Alps_EC11E-Switch_Vertical_H20mm
attribut none
position 77.000000 65.600000  orientation 0.00
layer front
$PAD "A"
Shape Rect Layer both
position  0.000000  0.000000  size  2.000000  2.000000  orientation 0.00
drill  1.000000
shape_offset  0.000000  0.000000
$EndPAD
$PAD "B"
Shape Circle Layer both
position  0.000000  5.000000  size  2.000000  2.000000  orientation 0.00
drill  1.000000
shape_offset  0.000000  0.000000
$EndPAD
$PAD "C"
Shape Circle Layer both
position  0.000000  2.500000  size  2.000000  2.000000  orientation 0.00
drill  1.000000
shape_offset  0.000000  0.000000
$EndPAD
$PAD "MP"
Shape Rect Layer both
position  7.500000 -3.100000  size  3.200000  2.000000  orientation 0.00
drill  2.800000
shape_offset  0.000000  0.000000
$EndPAD
$PAD "MP"
Shape Rect Layer both
position  7.500000  8.100000  size  3.200000  2.000000  orientation 0.00
drill  2.800000
shape_offset  0.000000  0.000000
$EndPAD
$PAD "S1"
Shape Circle Layer both
position 14.500000  5.000000  size  2.000000  2.000000  orientation 0.00
drill  1.000000
shape_offset  0.000000  0.000000
$EndPAD
$PAD "S2"
Shape Circle Layer both
position 14.500000  0.000000  size  2.000000  2.000000  orientation 0.00
drill  1.000000
shape_offset  0.000000  0.000000
$EndPAD
$EndMODULE  SW2

$MODULE SW3
footprint Rotary_Encoder:RotaryEncoder_Alps_EC11E-Switch_Vertical_H20mm
attribut none
position 243.000000 65.600000  orientation 0.00
layer front
$PAD "A"
Shape Rect Layer both
position  0.000000  0.000000  size  2.000000  2.000000  orientation 0.00
drill  1.000000
shape_offset  0.000000  0.000000
$EndPAD
$PAD "B"
Shape Circle Layer both
position  0.000000  5.000000  size  2.000000  2.000000  orientation 0.00
drill  1.000000
shape_offset  0.000000  0.000000
$EndPAD
$PAD "C"
Shape Circle Layer both
position  0.000000  2.500000  size  2.000000  2.000000  orientation 0.00
drill  1.000000
shape_offset  0.000000  0.000000
$EndPAD
$PAD "MP"
Shape Rect Layer both
position  7.500000 -3.100000  size  3.200000  2.000000  orientation 0.00
drill  2.800000
shape_offset  0.000000  0.000000
$EndPAD
$PAD "MP"
Shape Rect Layer both
position  7.500000  8.100000  size  3.200000  2.000000  orientation 0.00
drill  2.800000
shape_offset  0.000000  0.000000
$EndPAD
$PAD "S1"
Shape Circle Layer both
position 14.500000  5.000000  size  2.000000  2.000000  orientation 0.00
drill  1.000000
shape_offset  0.000000  0.000000
$EndPAD
$PAD "S2"
Shape Circle Layer both
position 14.500000  0.000000  size  2.000000  2.000000  orientation 0.00
drill  1.000000
shape_offset  0.000000  0.000000
$EndPAD
$EndMODULE  SW3

$MODULE SW4
footprint PCM_Switch_Keyboard_Hotswap_Kailh:SW_Hotswap_Kailh_MX_1.50u
attribut smd
position 118.000000 96.000000  orientation 0.00
layer front
$PAD ""
Shape Circle Layer both
position -5.080000  0.000000  size  1.750000  1.750000  orientation 0.00
drill  1.750000
shape_offset  0.000000  0.000000
$EndPAD
$PAD ""
Shape Circle Layer both
position -3.810000 -2.540000  size  3.050000  3.050000  orientation 0.00
drill  3.050000
shape_offset  0.000000  0.000000
$EndPAD
$PAD ""
Shape Circle Layer both
position  0.000000  0.000000  size  4.000000  4.000000  orientation 0.00
drill  4.000000
shape_offset  0.000000  0.000000
$EndPAD
$PAD ""
Shape Circle Layer both
position  2.540000 -5.080000  size  3.050000  3.050000  orientation 0.00
drill  3.050000
shape_offset  0.000000  0.000000
$EndPAD
$PAD ""
Shape Circle Layer both
position  5.080000  0.000000  size  1.750000  1.750000  orientation 0.00
drill  1.750000
shape_offset  0.000000  0.000000
$EndPAD
$PAD "1"
Shape Roundrect Layer back
position -7.085000 -2.540000  size  2.550000  2.500000  orientation 0.00
drill  0.000000
shape_offset  0.000000  0.000000
$EndPAD
$PAD "2"
Shape Roundrect Layer back
position  5.842000 -5.080000  size  2.550000  2.500000  orientation 0.00
drill  0.000000
shape_offset  0.000000  0.000000
$EndPAD
$EndMODULE  SW4

$MODULE SW5
footprint PCM_Switch_Keyboard_Hotswap_Kailh:SW_Hotswap_Kailh_MX_1.50u
attribut smd
position 151.000000 96.000000  orientation 0.00
layer front
$PAD ""
Shape Circle Layer both
position -5.080000  0.000000  size  1.750000  1.750000  orientation 0.00
drill  1.750000
shape_offset  0.000000  0.000000
$EndPAD
$PAD ""
Shape Circle Layer both
position -3.810000 -2.540000  size  3.050000  3.050000  orientation 0.00
drill  3.050000
shape_offset  0.000000  0.000000
$EndPAD
$PAD ""
Shape Circle Layer both
position  0.000000  0.000000  size  4.000000  4.000000  orientation 0.00
drill  4.000000
shape_offset  0.000000  0.000000
$EndPAD
$PAD ""
Shape Circle Layer both
position  2.540000 -5.080000  size  3.050000  3.050000  orientation 0.00
drill  3.050000
shape_offset  0.000000  0.000000
$EndPAD
$PAD ""
Shape Circle Layer both
position  5.080000  0.000000  size  1.750000  1.750000  orientation 0.00
drill  1.750000
shape_offset  0.000000  0.000000
$EndPAD
$PAD "1"
Shape Roundrect Layer back
position -7.085000 -2.540000  size  2.550000  2.500000  orientation 0.00
drill  0.000000
shape_offset  0.000000  0.000000
$EndPAD
$PAD "2"
Shape Roundrect Layer back
position  5.842000 -5.080000  size  2.550000  2.500000  orientation 0.00
drill  0.000000
shape_offset  0.000000  0.000000
$EndPAD
$EndMODULE  SW5

$MODULE SW6
footprint PCM_Switch_Keyboard_Hotswap_Kailh:SW_Hotswap_Kailh_MX_1.50u
attribut smd
position 184.000000 96.000000  orientation 0.00
layer front
$PAD ""
Shape Circle Layer both
position -5.080000  0.000000  size  1.750000  1.750000  orientation 0.00
drill  1.750000
shape_offset  0.000000  0.000000
$EndPAD
$PAD ""
Shape Circle Layer both
position -3.810000 -2.540000  size  3.050000  3.050000  orientation 0.00
drill  3.050000
shape_offset  0.000000  0.000000
$EndPAD
$PAD ""
Shape Circle Layer both
position  0.000000  0.000000  size  4.000000  4.000000  orientation 0.00
drill  4.000000
shape_offset  0.000000  0.000000
$EndPAD
$PAD ""
Shape Circle Layer both
position  2.540000 -5.080000  size  3.050000  3.050000  orientation 0.00
drill  3.050000
shape_offset  0.000000  0.000000
$EndPAD
$PAD ""
Shape Circle Layer both
position  5.080000  0.000000  size  1.750000  1.750000  orientation 0.00
drill  1.750000
shape_offset  0.000000  0.000000
$EndPAD
$PAD "1"
Shape Roundrect Layer back
position -7.085000 -2.540000  size  2.550000  2.500000  orientation 0.00
drill  0.000000
shape_offset  0.000000  0.000000
$EndPAD
$PAD "2"
Shape Roundrect Layer back
position  5.842000 -5.080000  size  2.550000  2.500000  orientation 0.00
drill  0.000000
shape_offset  0.000000  0.000000
$EndPAD
$EndMODULE  SW6

$MODULE SW7
footprint PCM_Switch_Keyboard_Hotswap_Kailh:SW_Hotswap_Kailh_MX_1.50u
attribut smd
position 217.000000 96.000000  orientation 0.00
layer front
$PAD ""
Shape Circle Layer both
position -5.080000  0.000000  size  1.750000  1.750000  orientation 0.00
drill  1.750000
shape_offset  0.000000  0.000000
$EndPAD
$PAD ""
Shape Circle Layer both
position -3.810000 -2.540000  size  3.050000  3.050000  orientation 0.00
drill  3.050000
shape_offset  0.000000  0.000000
$EndPAD
$PAD ""
Shape Circle Layer both
position  0.000000  0.000000  size  4.000000  4.000000  orientation 0.00
drill  4.000000
shape_offset  0.000000  0.000000
$EndPAD
$PAD ""
Shape Circle Layer both
position  2.540000 -5.080000  size  3.050000  3.050000  orientation 0.00
drill  3.050000
shape_offset  0.000000  0.000000
$EndPAD
$PAD ""
Shape Circle Layer both
position  5.080000  0.000000  size  1.750000  1.750000  orientation 0.00
drill  1.750000
shape_offset  0.000000  0.000000
$EndPAD
$PAD "1"
Shape Roundrect Layer back
position -7.085000 -2.540000  size  2.550000  2.500000  orientation 0.00
drill  0.000000
shape_offset  0.000000  0.000000
$EndPAD
$PAD "2"
Shape Roundrect Layer back
position  5.842000 -5.080000  size  2.550000  2.500000  orientation 0.00
drill  0.000000
shape_offset  0.000000  0.000000
$EndPAD
$EndMODULE  SW7

$MODULE SW8
footprint PCM_Switch_Keyboard_Hotswap_Kailh:SW_Hotswap_Kailh_MX_2.25u
attribut smd
position 134.500000 138.000000  orientation 0.00
layer front
$PAD ""
Shape Circle Layer both
position -5.080000  0.000000  size  1.750000  1.750000  orientation 0.00
drill  1.750000
shape_offset  0.000000  0.000000
$EndPAD
$PAD ""
Shape Circle Layer both
position -3.810000 -2.540000  size  3.050000  3.050000  orientation 0.00
drill  3.050000
shape_offset  0.000000  0.000000
$EndPAD
$PAD ""
Shape Circle Layer both
position  0.000000  0.000000  size  4.000000  4.000000  orientation 0.00
drill  4.000000
shape_offset  0.000000  0.000000
$EndPAD
$PAD ""
Shape Circle Layer both
position  2.540000 -5.080000  size  3.050000  3.050000  orientation 0.00
drill  3.050000
shape_offset  0.000000  0.000000
$EndPAD
$PAD ""
Shape Circle Layer both
position  5.080000  0.000000  size  1.750000  1.750000  orientation 0.00
drill  1.750000
shape_offset  0.000000  0.000000
$EndPAD
$PAD "1"
Shape Roundrect Layer back
position -7.085000 -2.540000  size  2.550000  2.500000  orientation 0.00
drill  0.000000
shape_offset  0.000000  0.000000
$EndPAD
$PAD "2"
Shape Roundrect Layer back
position  5.842000 -5.080000  size  2.550000  2.500000  orientation 0.00
drill  0.000000
shape_offset  0.000000  0.000000
$EndPAD
$EndMODULE  SW8

$MODULE SW9
footprint PCM_Switch_Keyboard_Hotswap_Kailh:SW_Hotswap_Kailh_MX_1.00u
attribut smd
position 167.500000 72.000000  orientation 0.00
layer front
$PAD ""
Shape Circle Layer both
position -5.080000  0.000000  size  1.750000  1.750000  orientation 0.00
drill  1.750000
shape_offset  0.000000  0.000000
$EndPAD
$PAD ""
Shape Circle Layer both
position -3.810000 -2.540000  size  3.050000  3.050000  orientation 0.00
drill  3.050000
shape_offset  0.000000  0.000000
$EndPAD
$PAD ""
Shape Circle Layer both
position  0.000000  0.000000  size  4.000000  4.000000  orientation 0.00
drill  4.000000
shape_offset  0.000000  0.000000
$EndPAD
$PAD ""
Shape Circle Layer both
position  2.540000 -5.080000  size  3.050000  3.050000  orientation 0.00
drill  3.050000
shape_offset  0.000000  0.000000
$EndPAD
$PAD ""
Shape Circle Layer both
position  5.080000  0.000000  size  1.750000  1.750000  orientation 0.00
drill  1.750000
shape_offset  0.000000  0.000000
$EndPAD
$PAD "1"
Shape Roundrect Layer back
position -7.085000 -2.540000  size  2.550000  2.500000  orientation 0.00
drill  0.000000
shape_offset  0.000000  0.000000
$EndPAD
$PAD "2"
Shape Roundrect Layer back
position  5.842000 -5.080000  size  2.550000  2.500000  orientation 0.00
drill  0.000000
shape_offset  0.000000  0.000000
$EndPAD
$EndMODULE  SW9

$MODULE SW10
footprint PCM_Switch_Keyboard_Hotswap_Kailh:SW_Hotswap_Kailh_MX_2.25u
attribut smd
position 200.500000 138.000000  orientation 0.00
layer front
$PAD ""
Shape Circle Layer both
position -5.080000  0.000000  size  1.750000  1.750000  orientation 0.00
drill  1.750000
shape_offset  0.000000  0.000000
$EndPAD
$PAD ""
Shape Circle Layer both
position -3.810000 -2.540000  size  3.050000  3.050000  orientation 0.00
drill  3.050000
shape_offset  0.000000  0.000000
$EndPAD
$PAD ""
Shape Circle Layer both
position  0.000000  0.000000  size  4.000000  4.000000  orientation 0.00
drill  4.000000
shape_offset  0.000000  0.000000
$EndPAD
$PAD ""
Shape Circle Layer both
position  2.540000 -5.080000  size  3.050000  3.050000  orientation 0.00
drill  3.050000
shape_offset  0.000000  0.000000
$EndPAD
$PAD ""
Shape Circle Layer both
position  5.080000  0.000000  size  1.750000  1.750000  orientation 0.00
drill  1.750000
shape_offset  0.000000  0.000000
$EndPAD
$PAD "1"
Shape Roundrect Layer back
position -7.085000 -2.540000  size  2.550000  2.500000  orientation 0.00
drill  0.000000
shape_offset  0.000000  0.000000
$EndPAD
$PAD "2"
Shape Roundrect Layer back
position  5.842000 -5.080000  size  2.550000  2.500000  orientation 0.00
drill  0.000000
shape_offset  0.000000  0.000000
$EndPAD
$EndMODULE  SW10

$MODULE U1
footprint Package_DFN_QFN:QFN-56-1EP_7x7mm_P0.4mm_EP3.2x3.2mm
attribut smd
position 199.750000 67.150000  orientation 90.00
layer back
$PAD ""
Shape Roundrect Layer nocopper
position -0.800000 -0.800000  size  1.290000  1.290000  orientation 0.00
drill  0.000000
shape_offset  0.000000  0.000000
$EndPAD
$PAD ""
Shape Roundrect Layer nocopper
position -0.800000  0.800000  size  1.290000  1.290000  orientation 0.00
drill  0.000000
shape_offset  0.000000  0.000000
$EndPAD
$PAD ""
Shape Roundrect Layer nocopper
position  0.800000 -0.800000  size  1.290000  1.290000  orientation 0.00
drill  0.000000
shape_offset  0.000000  0.000000
$EndPAD
$PAD ""
Shape Roundrect Layer nocopper
position  0.800000  0.800000  size  1.290000  1.290000  orientation 0.00
drill  0.000000
shape_offset  0.000000  0.000000
$EndPAD
$PAD "1"
Shape Roundrect Layer back
position -3.437500  2.600000  size  0.875000  0.200000  orientation 0.00
drill  0.000000
shape_offset  0.000000  0.000000
$EndPAD
$PAD "2"
Shape Roundrect Layer back
position -3.437500  2.200000  size  0.875000  0.200000  orientation 0.00
drill  0.000000
shape_offset  0.000000  0.000000
$EndPAD
$PAD "3"
Shape Roundrect Layer back
position -3.437500  1.800000  size  0.875000  0.200000  orientation 0.00
drill  0.000000
shape_offset  0.000000  0.000000
$EndPAD
$PAD "4"
Shape Roundrect Layer back
position -3.437500  1.400000  size  0.875000  0.200000  orientation 0.00
drill  0.000000
shape_offset  0.000000  0.000000
$EndPAD
$PAD "5"
Shape Roundrect Layer back
position -3.437500  1.000000  size  0.875000  0.200000  orientation 0.00
drill  0.000000
shape_offset  0.000000  0.000000
$EndPAD
$PAD "6"
Shape Roundrect Layer back
position -3.437500  0.600000  size  0.875000  0.200000  orientation 0.00
drill  0.000000
shape_offset  0.000000  0.000000
$EndPAD
$PAD "7"
Shape Roundrect Layer back
position -3.437500  0.200000  size  0.875000  0.200000  orientation 0.00
drill  0.000000
shape_offset  0.000000  0.000000
$EndPAD
$PAD "8"
Shape Roundrect Layer back
position -3.437500 -0.200000  size  0.875000  0.200000  orientation 0.00
drill  0.000000
shape_offset  0.000000  0.000000
$EndPAD
$PAD "9"
Shape Roundrect Layer back
position -3.437500 -0.600000  size  0.875000  0.200000  orientation 0.00
drill  0.000000
shape_offset  0.000000  0.000000
$EndPAD
$PAD "10"
Shape Roundrect Layer back
position -3.437500 -1.000000  size  0.875000  0.200000  orientation 0.00
drill  0.000000
shape_offset  0.000000  0.000000
$EndPAD
$PAD "11"
Shape Roundrect Layer back
position -3.437500 -1.400000  size  0.875000  0.200000  orientation 0.00
drill  0.000000
shape_offset  0.000000  0.000000
$EndPAD
$PAD "12"
Shape Roundrect Layer back
position -3.437500 -1.800000  size  0.875000  0.200000  orientation 0.00
drill  0.000000
shape_offset  0.000000  0.000000
$EndPAD
$PAD "13"
Shape Roundrect Layer back
position -3.437500 -2.200000  size  0.875000  0.200000  orientation 0.00
drill  0.000000
shape_offset  0.000000  0.000000
$EndPAD
$PAD "14"
Shape Roundrect Layer back
position -3.437500 -2.600000  size  0.875000  0.200000  orientation 0.00
drill  0.000000
shape_offset  0.000000  0.000000
$EndPAD
$PAD "15"
Shape Roundrect Layer back
position -2.600000 -3.437500  size  0.200000  0.875000  orientation 0.00
drill  0.000000
shape_offset  0.000000  0.000000
$EndPAD
$PAD "16"
Shape Roundrect Layer back
position -2.200000 -3.437500  size  0.200000  0.875000  orientation 0.00
drill  0.000000
shape_offset  0.000000  0.000000
$EndPAD
$PAD "17"
Shape Roundrect Layer back
position -1.800000 -3.437500  size  0.200000  0.875000  orientation 0.00
drill  0.000000
shape_offset  0.000000  0.000000
$EndPAD
$PAD "18"
Shape Roundrect Layer back
position -1.400000 -3.437500  size  0.200000  0.875000  orientation 0.00
drill  0.000000
shape_offset  0.000000  0.000000
$EndPAD
$PAD "19"
Shape Roundrect Layer back
position -1.000000 -3.437500  size  0.200000  0.875000  orientation 0.00
drill  0.000000
shape_offset  0.000000  0.000000
$EndPAD
$PAD "20"
Shape Roundrect Layer back
position -0.600000 -3.437500  size  0.200000  0.875000  orientation 0.00
drill  0.000000
shape_offset  0.000000  0.000000
$EndPAD
$PAD "21"
Shape Roundrect Layer back
position -0.200000 -3.437500  size  0.200000  0.875000  orientation 0.00
drill  0.000000
shape_offset  0.000000  0.000000
$EndPAD
$PAD "22"
Shape Roundrect Layer back
position  0.200000 -3.437500  size  0.200000  0.875000  orientation 0.00
drill  0.000000
shape_offset  0.000000  0.000000
$EndPAD
$PAD "23"
Shape Roundrect Layer back
position  0.600000 -3.437500  size  0.200000  0.875000  orientation 0.00
drill  0.000000
shape_offset  0.000000  0.000000
$EndPAD
$PAD "24"
Shape Roundrect Layer back
position  1.000000 -3.437500  size  0.200000  0.875000  orientation 0.00
drill  0.000000
shape_offset  0.000000  0.000000
$EndPAD
$PAD "25"
Shape Roundrect Layer back
position  1.400000 -3.437500  size  0.200000  0.875000  orientation 0.00
drill  0.000000
shape_offset  0.000000  0.000000
$EndPAD
$PAD "26"
Shape Roundrect Layer back
position  1.800000 -3.437500  size  0.200000  0.875000  orientation 0.00
drill  0.000000
shape_offset  0.000000  0.000000
$EndPAD
$PAD "27"
Shape Roundrect Layer back
position  2.200000 -3.437500  size  0.200000  0.875000  orientation 0.00
drill  0.000000
shape_offset  0.000000  0.000000
$EndPAD
$PAD "28"
Shape Roundrect Layer back
position  2.600000 -3.437500  size  0.200000  0.875000  orientation 0.00
drill  0.000000
shape_offset  0.000000  0.000000
$EndPAD
$PAD "29"
Shape Roundrect Layer back
position  3.437500 -2.600000  size  0.875000  0.200000  orientation 0.00
drill  0.000000
shape_offset  0.000000  0.000000
$EndPAD
$PAD "30"
Shape Roundrect Layer back
position  3.437500 -2.200000  size  0.875000  0.200000  orientation 0.00
drill  0.000000
shape_offset  0.000000  0.000000
$EndPAD
$PAD "31"
Shape Roundrect Layer back
position  3.437500 -1.800000  size  0.875000  0.200000  orientation 0.00
drill  0.000000
shape_offset  0.000000  0.000000
$EndPAD
$PAD "32"
Shape Roundrect Layer back
position  3.437500 -1.400000  size  0.875000  0.200000  orientation 0.00
drill  0.000000
shape_offset  0.000000  0.000000
$EndPAD
$PAD "33"
Shape Roundrect Layer back
position  3.437500 -1.000000  size  0.875000  0.200000  orientation 0.00
drill  0.000000
shape_offset  0.000000  0.000000
$EndPAD
$PAD "34"
Shape Roundrect Layer back
position  3.437500 -0.600000  size  0.875000  0.200000  orientation 0.00
drill  0.000000
shape_offset  0.000000  0.000000
$EndPAD
$PAD "35"
Shape Roundrect Layer back
position  3.437500 -0.200000  size  0.875000  0.200000  orientation 0.00
drill  0.000000
shape_offset  0.000000  0.000000
$EndPAD
$PAD "36"
Shape Roundrect Layer back
position  3.437500  0.200000  size  0.875000  0.200000  orientation 0.00
drill  0.000000
shape_offset  0.000000  0.000000
$EndPAD
$PAD "37"
Shape Roundrect Layer back
position  3.437500  0.600000  size  0.875000  0.200000  orientation 0.00
drill  0.000000
shape_offset  0.000000  0.000000
$EndPAD
$PAD "38"
Shape Roundrect Layer back
position  3.437500  1.000000  size  0.875000  0.200000  orientation 0.00
drill  0.000000
shape_offset  0.000000  0.000000
$EndPAD
$PAD "39"
Shape Roundrect Layer back
position  3.437500  1.400000  size  0.875000  0.200000  orientation 0.00
drill  0.000000
shape_offset  0.000000  0.000000
$EndPAD
$PAD "40"
Shape Roundrect Layer back
position  3.437500  1.800000  size  0.875000  0.200000  orientation 0.00
drill  0.000000
shape_offset  0.000000  0.000000
$EndPAD
$PAD "41"
Shape Roundrect Layer back
position  3.437500  2.200000  size  0.875000  0.200000  orientation 0.00
drill  0.000000
shape_offset  0.000000  0.000000
$EndPAD
$PAD "42"
Shape Roundrect Layer back
position  3.437500  2.600000  size  0.875000  0.200000  orientation 0.00
drill  0.000000
shape_offset  0.000000  0.000000
$EndPAD
$PAD "43"
Shape Roundrect Layer back
position  2.600000  3.437500  size  0.200000  0.875000  orientation 0.00
drill  0.000000
shape_offset  0.000000  0.000000
$EndPAD
$PAD "44"
Shape Roundrect Layer back
position  2.200000  3.437500  size  0.200000  0.875000  orientation 0.00
drill  0.000000
shape_offset  0.000000  0.000000
$EndPAD
$PAD "45"
Shape Roundrect Layer back
position  1.800000  3.437500  size  0.200000  0.875000  orientation 0.00
drill  0.000000
shape_offset  0.000000  0.000000
$EndPAD
$PAD "46"
Shape Roundrect Layer back
position  1.400000  3.437500  size  0.200000  0.875000  orientation 0.00
drill  0.000000
shape_offset  0.000000  0.000000
$EndPAD
$PAD "47"
Shape Roundrect Layer back
position  1.000000  3.437500  size  0.200000  0.875000  orientation 0.00
drill  0.000000
shape_offset  0.000000  0.000000
$EndPAD
$PAD "48"
Shape Roundrect Layer back
position  0.600000  3.437500  size  0.200000  0.875000  orientation 0.00
drill  0.000000
shape_offset  0.000000  0.000000
$EndPAD
$PAD "49"
Shape Roundrect Layer back
position  0.200000  3.437500  size  0.200000  0.875000  orientation 0.00
drill  0.000000
shape_offset  0.000000  0.000000
$EndPAD
$PAD "50"
Shape Roundrect Layer back
position -0.200000  3.437500  size  0.200000  0.875000  orientation 0.00
drill  0.000000
shape_offset  0.000000  0.000000
$EndPAD
$PAD "51"
Shape Roundrect Layer back
position -0.600000  3.437500  size  0.200000  0.875000  orientation 0.00
drill  0.000000
shape_offset  0.000000  0.000000
$EndPAD
$PAD "52"
Shape Roundrect Layer back
position -1.000000  3.437500  size  0.200000  0.875000  orientation 0.00
drill  0.000000
shape_offset  0.000000  0.000000
$EndPAD
$PAD "53"
Shape Roundrect Layer back
position -1.400000  3.437500  size  0.200000  0.875000  orientation 0.00
drill  0.000000
shape_offset  0.000000  0.000000
$EndPAD
$PAD "54"
Shape Roundrect Layer back
position -1.800000  3.437500  size  0.200000  0.875000  orientation 0.00
drill  0.000000
shape_offset  0.000000  0.000000
$EndPAD
$PAD "55"
Shape Roundrect Layer back
position -2.200000  3.437500  size  0.200000  0.875000  orientation 0.00
drill  0.000000
shape_offset  0.000000  0.000000
$EndPAD
$PAD "56"
Shape Roundrect Layer back
position -2.600000  3.437500  size  0.200000  0.875000  orientation 0.00
drill  0.000000
shape_offset  0.000000  0.000000
$EndPAD
$PAD "57"
Shape Rect Layer back
position  0.000000  0.000000  size  3.200000  3.200000  orientation 0.00
drill  0.000000
shape_offset  0.000000  0.000000
$EndPAD
$EndMODULE  U1

$MODULE U2
footprint footprints:10-WFDFN-EP_RIT
attribut smd
position 202.319200 57.300001  orientation 180.00
layer back
$PAD "1"
Shape Rect Layer back
position -1.219200  1.000001  size  0.762000  0.254000  orientation 0.00
drill  0.000000
shape_offset  0.000000  0.000000
$EndPAD
$PAD "2"
Shape Rect Layer back
position -1.219200  0.499999  size  0.762000  0.254000  orientation 0.00
drill  0.000000
shape_offset  0.000000  0.000000
$EndPAD
$PAD "3"
Shape Rect Layer back
position -1.219200  0.000000  size  0.762000  0.254000  orientation 0.00
drill  0.000000
shape_offset  0.000000  0.000000
$EndPAD
$PAD "4"
Shape Rect Layer back
position -1.219200 -0.499999  size  0.762000  0.254000  orientation 0.00
drill  0.000000
shape_offset  0.000000  0.000000
$EndPAD
$PAD "5"
Shape Rect Layer back
position -1.219200 -1.000001  size  0.762000  0.254000  orientation 0.00
drill  0.000000
shape_offset  0.000000  0.000000
$EndPAD
$PAD "6"
Shape Rect Layer back
position  1.219200 -1.000001  size  0.762000  0.254000  orientation 0.00
drill  0.000000
shape_offset  0.000000  0.000000
$EndPAD
$PAD "7"
Shape Rect Layer back
position  1.219200 -0.499999  size  0.762000  0.254000  orientation 0.00
drill  0.000000
shape_offset  0.000000  0.000000
$EndPAD
$PAD "8"
Shape Rect Layer back
position  1.219200  0.000000  size  0.762000  0.254000  orientation 0.00
drill  0.000000
shape_offset  0.000000  0.000000
$EndPAD
$PAD "9"
Shape Rect Layer back
position  1.219200  0.499999  size  0.762000  0.254000  orientation 0.00
drill  0.000000
shape_offset  0.000000  0.000000
$EndPAD
$PAD "10"
Shape Rect Layer back
position  1.219200  1.000001  size  0.762000  0.254000  orientation 0.00
drill  0.000000
shape_offset  0.000000  0.000000
$EndPAD
$PAD "11"
Shape Rect Layer back
position  0.000000  0.000000  size  1.244600  2.057400  orientation 0.00
drill  0.000000
shape_offset  0.000000  0.000000
$EndPAD
$EndMODULE  U2

$MODULE U3
footprint Package_SO:SOIC-8_5.23x5.23mm_P1.27mm
attribut smd
position 210.950000 75.400000  orientation 90.00
layer back
$PAD "1"
Shape Roundrect Layer back
position -3.600000  1.905000  size  1.600000  0.600000  orientation 0.00
drill  0.000000
shape_offset  0.000000  0.000000
$EndPAD
$PAD "2"
Shape Roundrect Layer back
position -3.600000  0.635000  size  1.600000  0.600000  orientation 0.00
drill  0.000000
shape_offset  0.000000  0.000000
$EndPAD
$PAD "3"
Shape Roundrect Layer back
position -3.600000 -0.635000  size  1.600000  0.600000  orientation 0.00
drill  0.000000
shape_offset  0.000000  0.000000
$EndPAD
$PAD "4"
Shape Roundrect Layer back
position -3.600000 -1.905000  size  1.600000  0.600000  orientation 0.00
drill  0.000000
shape_offset  0.000000  0.000000
$EndPAD
$PAD "5"
Shape Roundrect Layer back
position  3.600000 -1.905000  size  1.600000  0.600000  orientation 0.00
drill  0.000000
shape_offset  0.000000  0.000000
$EndPAD
$PAD "6"
Shape Roundrect Layer back
position  3.600000 -0.635000  size  1.600000  0.600000  orientation 0.00
drill  0.000000
shape_offset  0.000000  0.000000
$EndPAD
$PAD "7"
Shape Roundrect Layer back
position  3.600000  0.635000  size  1.600000  0.600000  orientation 0.00
drill  0.000000
shape_offset  0.000000  0.000000
$EndPAD
$PAD "8"
Shape Roundrect Layer back
position  3.600000  1.905000  size  1.600000  0.600000  orientation 0.00
drill  0.000000
shape_offset  0.000000  0.000000
$EndPAD
$EndMODULE  U3

$MODULE Y1
footprint Crystal:Crystal_SMD_3225-4Pin_3.2x2.5mm
attribut smd
position 188.950000 71.700000  orientation 90.00
layer back
$PAD "1"
Shape Rect Layer back
position -1.100000 -0.850000  size  1.400000  1.200000  orientation 0.00
drill  0.000000
shape_offset  0.000000  0.000000
$EndPAD
$PAD "2"
Shape Rect Layer back
position  1.100000 -0.850000  size  1.400000  1.200000  orientation 0.00
drill  0.000000
shape_offset  0.000000  0.000000
$EndPAD
$PAD "3"
Shape Rect Layer back
position  1.100000  0.850000  size  1.400000  1.200000  orientation 0.00
drill  0.000000
shape_offset  0.000000  0.000000
$EndPAD
$PAD "4"
Shape Rect Layer back
position -1.100000  0.850000  size  1.400000  1.200000  orientation 0.00
drill  0.000000
shape_offset  0.000000  0.000000
$EndPAD
$EndMODULE  Y1

$EndDESCRIPTION
